[2021-03-01T00:00:36.107] [INFO] default - Started Notification Handler
[2021-03-01T00:01:59.645] [INFO] default - Started Notification Handler
[2021-03-01T00:02:30.938] [INFO] default - Started Notification Handler
[2021-03-01T00:02:38.914] [INFO] default - Started Notification Handler
[2021-03-01T00:04:50.059] [INFO] default - Started Notification Handler
[2021-03-01T00:04:50.429] [ERROR] default - Mail recipient ayushpandey@corona-school.de does not exist
[2021-03-01T00:05:31.628] [INFO] default - Started Notification Handler
[2021-03-01T00:05:31.875] [ERROR] default - Mail recipient ayushpandey@corona-school.de does not exist
[2021-03-01T00:05:57.457] [INFO] default - Started Notification Handler
[2021-03-01T00:06:07.513] [INFO] default - Mark notification cklpri28c0002bis4kdl1c062 sent
[2021-03-01T00:06:26.431] [INFO] default - Started Notification Handler
[2021-03-01T00:06:26.686] [ERROR] default - Mail recipient ayushpandey@corona-school.de does not exist
[2021-03-01T00:08:41.543] [INFO] default - Started Notification Handler
[2021-03-01T00:08:41.761] [ERROR] default - Mail recipient ayushpandey@corona-school.de does not exist
[2021-03-01T00:09:40.861] [INFO] default - Started Notification Handler
[2021-03-01T00:09:41.082] [ERROR] default - Mail recipient ayushpandey@corona-school.de does not exist
[2021-03-01T00:10:17.214] [INFO] default - Started Notification Handler
[2021-03-01T00:11:37.623] [INFO] default - Started Notification Handler
[2021-03-01T00:11:52.508] [INFO] default - Started Notification Handler
[2021-03-01T00:11:52.880] [ERROR] default - Mail recipient ayushpandey@corona-school.de does not exist
[2021-03-01T00:12:07.060] [INFO] default - Started Notification Handler
[2021-03-01T00:12:17.146] [INFO] default - Mark notification cklprpzi10003gms462i5lr44 sent
[2021-03-01T00:15:55.017] [INFO] default - Started Notification Handler
[2021-03-01T00:16:05.071] [INFO] default - Mark notification cklpruvfd0002ias49qudx241 sent
[2021-03-01T00:18:38.515] [INFO] default - Started Notification Handler
[2021-03-01T00:18:48.564] [INFO] default - Mark notification cklprydiy0003j7s4suyhe0ea sent
[2021-03-01T00:19:35.409] [INFO] default - Started Notification Handler
[2021-03-01T00:19:45.458] [INFO] default - Mark notification cklprzlgz0002jws4h2u67vk3 sent
[2021-03-01T00:20:19.193] [INFO] default - Started Notification Handler
[2021-03-01T00:20:33.348] [INFO] default - Started Notification Handler
[2021-03-01T00:20:33.647] [ERROR] default - Mail recipient ayushpandey@corona-school.de does not exist
[2021-03-01T00:20:43.416] [INFO] default - Mark notification cklps0j7n0002kcs4x4iflpim sent
[2021-03-01T00:21:12.764] [INFO] default - Started Notification Handler
[2021-03-01T00:21:13.094] [ERROR] default - Mail recipient ayushpandey@corona-school.de does not exist
[2021-03-01T00:21:42.528] [INFO] default - Started Notification Handler
[2021-03-01T00:21:42.833] [ERROR] default - Mail recipient ayushpandey@corona-school.de does not exist
[2021-03-01T00:25:10.456] [INFO] default - Started Notification Handler
[2021-03-01T00:25:10.819] [ERROR] default - Mail recipient ayushpandey@corona-school.de does not exist
[2021-03-01T00:26:36.779] [INFO] default - Started Notification Handler
[2021-03-01T00:26:37.281] [ERROR] default - Mail recipient ayushpandey@corona-school.de does not exist
[2021-03-01T00:26:45.687] [INFO] default - Started Notification Handler
[2021-03-01T00:26:46.112] [ERROR] default - Mail recipient ayushpandey@corona-school.de does not exist
[2021-03-01T00:43:26.094] [INFO] default - Started Notification Handler
[2021-03-01T00:43:26.447] [ERROR] default - Mail recipient ayushpandey@corona-school.de does not exist
[2021-03-01T00:43:38.639] [INFO] default - Started Notification Handler
[2021-03-01T00:43:38.939] [ERROR] default - Mail recipient ayushpandey@corona-school.de does not exist
