[2021-02-28T23:01:29.749] [INFO] default - Started Notification Handler
[2021-02-28T23:02:35.369] [INFO] default - Started Notification Handler
[2021-02-28T23:04:05.998] [INFO] default - Started Notification Handler
[2021-02-28T23:05:38.243] [INFO] default - Started Notification Handler
[2021-02-28T23:06:09.507] [INFO] default - Started Notification Handler
[2021-02-28T23:07:13.390] [INFO] default - Started Notification Handler
[2021-02-28T23:07:44.675] [INFO] default - Started Notification Handler
[2021-02-28T23:08:15.614] [INFO] default - Started Notification Handler
[2021-02-28T23:09:28.036] [INFO] default - Started Notification Handler
[2021-02-28T23:09:50.622] [INFO] default - Started Notification Handler
[2021-02-28T23:13:26.868] [INFO] default - Started Notification Handler
[2021-02-28T23:14:55.843] [INFO] default - Started Notification Handler
[2021-02-28T23:14:56.089] [INFO] default - Added Notification
[2021-02-28T23:17:17.149] [INFO] default - Started Notification Handler
[2021-02-28T23:17:17.380] [INFO] default - Added Notification
[2021-02-28T23:25:49.147] [INFO] default - Started Notification Handler
[2021-02-28T23:25:49.511] [INFO] default - Added Notification
[2021-02-28T23:25:59.253] [INFO] default - Started Notification Handler
[2021-02-28T23:25:59.602] [INFO] default - Added Notification
[2021-02-28T23:26:09.332] [INFO] default - Updated status of notification+ cklppmj910001n2s4cbiryoau
[2021-02-28T23:26:09.332] [INFO] default - Updated status of notification+ cklppofun0001nss4fysqe7pi
[2021-02-28T23:26:09.333] [INFO] default - Updated status of notification+ cklpprgvh0001ops4y65cx99l
[2021-02-28T23:26:09.333] [INFO] default - Updated status of notification+ cklpq2g110001rms4os1k1vfs
[2021-02-28T23:26:09.333] [INFO] default - Updated status of notification+ cklpq2ns50001s1s4rtrtdxtp
[2021-02-28T23:26:19.312] [INFO] default - Updated status of notification+ cklppmj910001n2s4cbiryoau
[2021-02-28T23:26:19.312] [INFO] default - Updated status of notification+ cklppofun0001nss4fysqe7pi
[2021-02-28T23:26:19.312] [INFO] default - Updated status of notification+ cklpprgvh0001ops4y65cx99l
[2021-02-28T23:26:19.313] [INFO] default - Updated status of notification+ cklpq2g110001rms4os1k1vfs
[2021-02-28T23:26:19.313] [INFO] default - Updated status of notification+ cklpq2ns50001s1s4rtrtdxtp
[2021-02-28T23:26:29.280] [INFO] default - Updated status of notification+ cklppmj910001n2s4cbiryoau
[2021-02-28T23:26:29.280] [INFO] default - Updated status of notification+ cklppofun0001nss4fysqe7pi
[2021-02-28T23:26:29.281] [INFO] default - Updated status of notification+ cklpprgvh0001ops4y65cx99l
[2021-02-28T23:26:29.281] [INFO] default - Updated status of notification+ cklpq2g110001rms4os1k1vfs
[2021-02-28T23:26:29.281] [INFO] default - Updated status of notification+ cklpq2ns50001s1s4rtrtdxtp
[2021-02-28T23:26:39.291] [INFO] default - Updated status of notification+ cklppmj910001n2s4cbiryoau
[2021-02-28T23:26:39.291] [INFO] default - Updated status of notification+ cklppofun0001nss4fysqe7pi
[2021-02-28T23:26:39.291] [INFO] default - Updated status of notification+ cklpprgvh0001ops4y65cx99l
[2021-02-28T23:26:39.292] [INFO] default - Updated status of notification+ cklpq2g110001rms4os1k1vfs
[2021-02-28T23:26:39.292] [INFO] default - Updated status of notification+ cklpq2ns50001s1s4rtrtdxtp
[2021-02-28T23:28:07.325] [INFO] default - Started Notification Handler
[2021-02-28T23:28:17.602] [INFO] default - Updated status of notification+ cklppmj910001n2s4cbiryoau
[2021-02-28T23:28:17.602] [INFO] default - Updated status of notification+ cklppofun0001nss4fysqe7pi
[2021-02-28T23:28:17.602] [INFO] default - Updated status of notification+ cklpprgvh0001ops4y65cx99l
[2021-02-28T23:28:17.603] [INFO] default - Updated status of notification+ cklpq2g110001rms4os1k1vfs
[2021-02-28T23:28:17.603] [INFO] default - Updated status of notification+ cklpq2ns50001s1s4rtrtdxtp
[2021-02-28T23:28:27.350] [INFO] default - Updated status of notification+ cklppmj910001n2s4cbiryoau
[2021-02-28T23:28:27.350] [INFO] default - Updated status of notification+ cklppofun0001nss4fysqe7pi
[2021-02-28T23:28:27.350] [INFO] default - Updated status of notification+ cklpprgvh0001ops4y65cx99l
[2021-02-28T23:28:27.350] [INFO] default - Updated status of notification+ cklpq2g110001rms4os1k1vfs
[2021-02-28T23:28:27.350] [INFO] default - Updated status of notification+ cklpq2ns50001s1s4rtrtdxtp
[2021-02-28T23:34:01.164] [INFO] default - Started Notification Handler
[2021-02-28T23:34:11.401] [INFO] default - Updated status of notification+ cklppmj910001n2s4cbiryoau
[2021-02-28T23:34:11.402] [INFO] default - Updated status of notification+ cklppofun0001nss4fysqe7pi
[2021-02-28T23:34:11.402] [INFO] default - Updated status of notification+ cklpprgvh0001ops4y65cx99l
[2021-02-28T23:34:11.402] [INFO] default - Updated status of notification+ cklpq2g110001rms4os1k1vfs
[2021-02-28T23:34:11.402] [INFO] default - Updated status of notification+ cklpq2ns50001s1s4rtrtdxtp
[2021-02-28T23:34:21.185] [INFO] default - Updated status of notification+ cklppmj910001n2s4cbiryoau
[2021-02-28T23:34:21.185] [INFO] default - Updated status of notification+ cklppofun0001nss4fysqe7pi
[2021-02-28T23:34:21.185] [INFO] default - Updated status of notification+ cklpprgvh0001ops4y65cx99l
[2021-02-28T23:34:21.185] [INFO] default - Updated status of notification+ cklpq2g110001rms4os1k1vfs
[2021-02-28T23:34:21.185] [INFO] default - Updated status of notification+ cklpq2ns50001s1s4rtrtdxtp
[2021-02-28T23:34:31.196] [INFO] default - Updated status of notification+ cklppmj910001n2s4cbiryoau
[2021-02-28T23:34:31.196] [INFO] default - Updated status of notification+ cklppofun0001nss4fysqe7pi
[2021-02-28T23:34:31.196] [INFO] default - Updated status of notification+ cklpprgvh0001ops4y65cx99l
[2021-02-28T23:34:31.196] [INFO] default - Updated status of notification+ cklpq2g110001rms4os1k1vfs
[2021-02-28T23:34:31.196] [INFO] default - Updated status of notification+ cklpq2ns50001s1s4rtrtdxtp
[2021-02-28T23:34:41.189] [INFO] default - Updated status of notification+ cklppmj910001n2s4cbiryoau
[2021-02-28T23:34:41.191] [INFO] default - Updated status of notification+ cklppofun0001nss4fysqe7pi
[2021-02-28T23:34:41.191] [INFO] default - Updated status of notification+ cklpprgvh0001ops4y65cx99l
[2021-02-28T23:34:41.191] [INFO] default - Updated status of notification+ cklpq2g110001rms4os1k1vfs
[2021-02-28T23:34:41.191] [INFO] default - Updated status of notification+ cklpq2ns50001s1s4rtrtdxtp
[2021-02-28T23:34:51.200] [INFO] default - Updated status of notification+ cklppmj910001n2s4cbiryoau
[2021-02-28T23:34:51.200] [INFO] default - Updated status of notification+ cklppofun0001nss4fysqe7pi
[2021-02-28T23:34:51.200] [INFO] default - Updated status of notification+ cklpprgvh0001ops4y65cx99l
[2021-02-28T23:34:51.200] [INFO] default - Updated status of notification+ cklpq2g110001rms4os1k1vfs
[2021-02-28T23:34:51.207] [INFO] default - Updated status of notification+ cklpq2ns50001s1s4rtrtdxtp
[2021-02-28T23:35:01.203] [INFO] default - Updated status of notification+ cklppmj910001n2s4cbiryoau
[2021-02-28T23:35:01.203] [INFO] default - Updated status of notification+ cklppofun0001nss4fysqe7pi
[2021-02-28T23:35:01.203] [INFO] default - Updated status of notification+ cklpprgvh0001ops4y65cx99l
[2021-02-28T23:35:01.203] [INFO] default - Updated status of notification+ cklpq2g110001rms4os1k1vfs
[2021-02-28T23:35:01.203] [INFO] default - Updated status of notification+ cklpq2ns50001s1s4rtrtdxtp
[2021-02-28T23:35:11.212] [INFO] default - Updated status of notification+ cklppmj910001n2s4cbiryoau
[2021-02-28T23:35:11.212] [INFO] default - Updated status of notification+ cklppofun0001nss4fysqe7pi
[2021-02-28T23:35:11.213] [INFO] default - Updated status of notification+ cklpprgvh0001ops4y65cx99l
[2021-02-28T23:35:11.213] [INFO] default - Updated status of notification+ cklpq2g110001rms4os1k1vfs
[2021-02-28T23:35:11.213] [INFO] default - Updated status of notification+ cklpq2ns50001s1s4rtrtdxtp
[2021-02-28T23:35:21.209] [INFO] default - Updated status of notification+ cklppmj910001n2s4cbiryoau
[2021-02-28T23:35:21.209] [INFO] default - Updated status of notification+ cklppofun0001nss4fysqe7pi
[2021-02-28T23:35:21.210] [INFO] default - Updated status of notification+ cklpprgvh0001ops4y65cx99l
[2021-02-28T23:35:21.210] [INFO] default - Updated status of notification+ cklpq2g110001rms4os1k1vfs
[2021-02-28T23:35:21.211] [INFO] default - Updated status of notification+ cklpq2ns50001s1s4rtrtdxtp
[2021-02-28T23:35:31.215] [INFO] default - Updated status of notification+ cklppmj910001n2s4cbiryoau
[2021-02-28T23:35:31.216] [INFO] default - Updated status of notification+ cklppofun0001nss4fysqe7pi
[2021-02-28T23:35:31.216] [INFO] default - Updated status of notification+ cklpprgvh0001ops4y65cx99l
[2021-02-28T23:35:31.216] [INFO] default - Updated status of notification+ cklpq2g110001rms4os1k1vfs
[2021-02-28T23:35:31.217] [INFO] default - Updated status of notification+ cklpq2ns50001s1s4rtrtdxtp
[2021-02-28T23:35:41.217] [INFO] default - Updated status of notification+ cklppmj910001n2s4cbiryoau
[2021-02-28T23:35:41.217] [INFO] default - Updated status of notification+ cklppofun0001nss4fysqe7pi
[2021-02-28T23:35:41.218] [INFO] default - Updated status of notification+ cklpprgvh0001ops4y65cx99l
[2021-02-28T23:35:41.220] [INFO] default - Updated status of notification+ cklpq2g110001rms4os1k1vfs
[2021-02-28T23:35:41.222] [INFO] default - Updated status of notification+ cklpq2ns50001s1s4rtrtdxtp
[2021-02-28T23:35:51.215] [INFO] default - Updated status of notification+ cklppmj910001n2s4cbiryoau
[2021-02-28T23:35:51.216] [INFO] default - Updated status of notification+ cklppofun0001nss4fysqe7pi
[2021-02-28T23:35:51.216] [INFO] default - Updated status of notification+ cklpprgvh0001ops4y65cx99l
[2021-02-28T23:35:51.216] [INFO] default - Updated status of notification+ cklpq2g110001rms4os1k1vfs
[2021-02-28T23:35:51.216] [INFO] default - Updated status of notification+ cklpq2ns50001s1s4rtrtdxtp
[2021-02-28T23:36:01.222] [INFO] default - Updated status of notification+ cklppmj910001n2s4cbiryoau
[2021-02-28T23:36:01.223] [INFO] default - Updated status of notification+ cklppofun0001nss4fysqe7pi
[2021-02-28T23:36:01.223] [INFO] default - Updated status of notification+ cklpprgvh0001ops4y65cx99l
[2021-02-28T23:36:01.223] [INFO] default - Updated status of notification+ cklpq2g110001rms4os1k1vfs
[2021-02-28T23:36:01.223] [INFO] default - Updated status of notification+ cklpq2ns50001s1s4rtrtdxtp
[2021-02-28T23:36:12.186] [INFO] default - Started Notification Handler
[2021-02-28T23:36:22.308] [INFO] default - Updated status of notification+ cklppmj910001n2s4cbiryoau
[2021-02-28T23:36:22.308] [INFO] default - Updated status of notification+ cklppofun0001nss4fysqe7pi
[2021-02-28T23:36:22.309] [INFO] default - Updated status of notification+ cklpprgvh0001ops4y65cx99l
[2021-02-28T23:36:22.309] [INFO] default - Updated status of notification+ cklpq2g110001rms4os1k1vfs
[2021-02-28T23:36:22.309] [INFO] default - Updated status of notification+ cklpq2ns50001s1s4rtrtdxtp
[2021-02-28T23:36:32.202] [INFO] default - Updated status of notification+ cklppmj910001n2s4cbiryoau
[2021-02-28T23:36:32.203] [INFO] default - Updated status of notification+ cklppofun0001nss4fysqe7pi
[2021-02-28T23:36:32.203] [INFO] default - Updated status of notification+ cklpprgvh0001ops4y65cx99l
[2021-02-28T23:36:32.203] [INFO] default - Updated status of notification+ cklpq2g110001rms4os1k1vfs
[2021-02-28T23:36:32.203] [INFO] default - Updated status of notification+ cklpq2ns50001s1s4rtrtdxtp
[2021-02-28T23:36:42.207] [INFO] default - Updated status of notification+ cklppmj910001n2s4cbiryoau
[2021-02-28T23:36:42.207] [INFO] default - Updated status of notification+ cklppofun0001nss4fysqe7pi
[2021-02-28T23:36:42.207] [INFO] default - Updated status of notification+ cklpprgvh0001ops4y65cx99l
[2021-02-28T23:36:42.207] [INFO] default - Updated status of notification+ cklpq2g110001rms4os1k1vfs
[2021-02-28T23:36:42.207] [INFO] default - Updated status of notification+ cklpq2ns50001s1s4rtrtdxtp
[2021-02-28T23:36:52.207] [INFO] default - Updated status of notification+ cklppmj910001n2s4cbiryoau
[2021-02-28T23:36:52.207] [INFO] default - Updated status of notification+ cklppofun0001nss4fysqe7pi
[2021-02-28T23:36:52.207] [INFO] default - Updated status of notification+ cklpprgvh0001ops4y65cx99l
[2021-02-28T23:36:52.207] [INFO] default - Updated status of notification+ cklpq2g110001rms4os1k1vfs
[2021-02-28T23:36:52.208] [INFO] default - Updated status of notification+ cklpq2ns50001s1s4rtrtdxtp
[2021-02-28T23:37:02.211] [INFO] default - Updated status of notification+ cklppmj910001n2s4cbiryoau
[2021-02-28T23:37:02.212] [INFO] default - Updated status of notification+ cklppofun0001nss4fysqe7pi
[2021-02-28T23:37:02.212] [INFO] default - Updated status of notification+ cklpprgvh0001ops4y65cx99l
[2021-02-28T23:37:02.212] [INFO] default - Updated status of notification+ cklpq2g110001rms4os1k1vfs
[2021-02-28T23:37:02.212] [INFO] default - Updated status of notification+ cklpq2ns50001s1s4rtrtdxtp
[2021-02-28T23:37:12.215] [INFO] default - Updated status of notification+ cklppmj910001n2s4cbiryoau
[2021-02-28T23:37:12.215] [INFO] default - Updated status of notification+ cklppofun0001nss4fysqe7pi
[2021-02-28T23:37:12.216] [INFO] default - Updated status of notification+ cklpprgvh0001ops4y65cx99l
[2021-02-28T23:37:12.216] [INFO] default - Updated status of notification+ cklpq2g110001rms4os1k1vfs
[2021-02-28T23:37:12.216] [INFO] default - Updated status of notification+ cklpq2ns50001s1s4rtrtdxtp
[2021-02-28T23:37:22.218] [INFO] default - Updated status of notification+ cklppmj910001n2s4cbiryoau
[2021-02-28T23:37:22.218] [INFO] default - Updated status of notification+ cklppofun0001nss4fysqe7pi
[2021-02-28T23:37:22.218] [INFO] default - Updated status of notification+ cklpprgvh0001ops4y65cx99l
[2021-02-28T23:37:22.218] [INFO] default - Updated status of notification+ cklpq2g110001rms4os1k1vfs
[2021-02-28T23:37:22.218] [INFO] default - Updated status of notification+ cklpq2ns50001s1s4rtrtdxtp
[2021-02-28T23:37:32.223] [INFO] default - Updated status of notification+ cklppmj910001n2s4cbiryoau
[2021-02-28T23:37:32.224] [INFO] default - Updated status of notification+ cklppofun0001nss4fysqe7pi
[2021-02-28T23:37:32.224] [INFO] default - Updated status of notification+ cklpprgvh0001ops4y65cx99l
[2021-02-28T23:37:32.224] [INFO] default - Updated status of notification+ cklpq2g110001rms4os1k1vfs
[2021-02-28T23:37:32.224] [INFO] default - Updated status of notification+ cklpq2ns50001s1s4rtrtdxtp
[2021-02-28T23:37:42.229] [INFO] default - Updated status of notification+ cklppmj910001n2s4cbiryoau
[2021-02-28T23:37:42.229] [INFO] default - Updated status of notification+ cklppofun0001nss4fysqe7pi
[2021-02-28T23:37:42.229] [INFO] default - Updated status of notification+ cklpprgvh0001ops4y65cx99l
[2021-02-28T23:37:42.229] [INFO] default - Updated status of notification+ cklpq2g110001rms4os1k1vfs
[2021-02-28T23:37:42.229] [INFO] default - Updated status of notification+ cklpq2ns50001s1s4rtrtdxtp
[2021-02-28T23:37:52.238] [INFO] default - Updated status of notification+ cklppmj910001n2s4cbiryoau
[2021-02-28T23:37:52.239] [INFO] default - Updated status of notification+ cklppofun0001nss4fysqe7pi
[2021-02-28T23:37:52.239] [INFO] default - Updated status of notification+ cklpprgvh0001ops4y65cx99l
[2021-02-28T23:37:52.239] [INFO] default - Updated status of notification+ cklpq2g110001rms4os1k1vfs
[2021-02-28T23:37:52.239] [INFO] default - Updated status of notification+ cklpq2ns50001s1s4rtrtdxtp
[2021-02-28T23:38:02.237] [INFO] default - Updated status of notification+ cklppmj910001n2s4cbiryoau
[2021-02-28T23:38:02.237] [INFO] default - Updated status of notification+ cklppofun0001nss4fysqe7pi
[2021-02-28T23:38:02.237] [INFO] default - Updated status of notification+ cklpprgvh0001ops4y65cx99l
[2021-02-28T23:38:02.237] [INFO] default - Updated status of notification+ cklpq2g110001rms4os1k1vfs
[2021-02-28T23:38:02.237] [INFO] default - Updated status of notification+ cklpq2ns50001s1s4rtrtdxtp
[2021-02-28T23:38:12.238] [INFO] default - Updated status of notification+ cklppmj910001n2s4cbiryoau
[2021-02-28T23:38:12.238] [INFO] default - Updated status of notification+ cklppofun0001nss4fysqe7pi
[2021-02-28T23:38:12.238] [INFO] default - Updated status of notification+ cklpprgvh0001ops4y65cx99l
[2021-02-28T23:38:12.239] [INFO] default - Updated status of notification+ cklpq2g110001rms4os1k1vfs
[2021-02-28T23:38:12.239] [INFO] default - Updated status of notification+ cklpq2ns50001s1s4rtrtdxtp
[2021-02-28T23:38:22.239] [INFO] default - Updated status of notification+ cklppmj910001n2s4cbiryoau
[2021-02-28T23:38:22.239] [INFO] default - Updated status of notification+ cklppofun0001nss4fysqe7pi
[2021-02-28T23:38:22.239] [INFO] default - Updated status of notification+ cklpprgvh0001ops4y65cx99l
[2021-02-28T23:38:22.239] [INFO] default - Updated status of notification+ cklpq2g110001rms4os1k1vfs
[2021-02-28T23:38:22.239] [INFO] default - Updated status of notification+ cklpq2ns50001s1s4rtrtdxtp
[2021-02-28T23:38:32.239] [INFO] default - Updated status of notification+ cklppmj910001n2s4cbiryoau
[2021-02-28T23:38:32.239] [INFO] default - Updated status of notification+ cklppofun0001nss4fysqe7pi
[2021-02-28T23:38:32.239] [INFO] default - Updated status of notification+ cklpprgvh0001ops4y65cx99l
[2021-02-28T23:38:32.239] [INFO] default - Updated status of notification+ cklpq2g110001rms4os1k1vfs
[2021-02-28T23:38:32.239] [INFO] default - Updated status of notification+ cklpq2ns50001s1s4rtrtdxtp
[2021-02-28T23:38:42.251] [INFO] default - Updated status of notification+ cklppmj910001n2s4cbiryoau
[2021-02-28T23:38:42.251] [INFO] default - Updated status of notification+ cklppofun0001nss4fysqe7pi
[2021-02-28T23:38:42.251] [INFO] default - Updated status of notification+ cklpprgvh0001ops4y65cx99l
[2021-02-28T23:38:42.251] [INFO] default - Updated status of notification+ cklpq2g110001rms4os1k1vfs
[2021-02-28T23:38:42.251] [INFO] default - Updated status of notification+ cklpq2ns50001s1s4rtrtdxtp
[2021-02-28T23:38:52.250] [INFO] default - Updated status of notification+ cklppmj910001n2s4cbiryoau
[2021-02-28T23:38:52.251] [INFO] default - Updated status of notification+ cklppofun0001nss4fysqe7pi
[2021-02-28T23:38:52.251] [INFO] default - Updated status of notification+ cklpprgvh0001ops4y65cx99l
[2021-02-28T23:38:52.251] [INFO] default - Updated status of notification+ cklpq2g110001rms4os1k1vfs
[2021-02-28T23:38:52.251] [INFO] default - Updated status of notification+ cklpq2ns50001s1s4rtrtdxtp
[2021-02-28T23:39:02.253] [INFO] default - Updated status of notification+ cklppmj910001n2s4cbiryoau
[2021-02-28T23:39:02.254] [INFO] default - Updated status of notification+ cklppofun0001nss4fysqe7pi
[2021-02-28T23:39:02.254] [INFO] default - Updated status of notification+ cklpprgvh0001ops4y65cx99l
[2021-02-28T23:39:02.254] [INFO] default - Updated status of notification+ cklpq2g110001rms4os1k1vfs
[2021-02-28T23:39:02.254] [INFO] default - Updated status of notification+ cklpq2ns50001s1s4rtrtdxtp
[2021-02-28T23:39:12.260] [INFO] default - Updated status of notification+ cklppmj910001n2s4cbiryoau
[2021-02-28T23:39:12.260] [INFO] default - Updated status of notification+ cklppofun0001nss4fysqe7pi
[2021-02-28T23:39:12.260] [INFO] default - Updated status of notification+ cklpprgvh0001ops4y65cx99l
[2021-02-28T23:39:12.260] [INFO] default - Updated status of notification+ cklpq2g110001rms4os1k1vfs
[2021-02-28T23:39:12.260] [INFO] default - Updated status of notification+ cklpq2ns50001s1s4rtrtdxtp
[2021-02-28T23:39:22.261] [INFO] default - Updated status of notification+ cklppmj910001n2s4cbiryoau
[2021-02-28T23:39:22.262] [INFO] default - Updated status of notification+ cklppofun0001nss4fysqe7pi
[2021-02-28T23:39:22.262] [INFO] default - Updated status of notification+ cklpprgvh0001ops4y65cx99l
[2021-02-28T23:39:22.262] [INFO] default - Updated status of notification+ cklpq2g110001rms4os1k1vfs
[2021-02-28T23:39:22.262] [INFO] default - Updated status of notification+ cklpq2ns50001s1s4rtrtdxtp
[2021-02-28T23:39:32.261] [INFO] default - Updated status of notification+ cklppmj910001n2s4cbiryoau
[2021-02-28T23:39:32.261] [INFO] default - Updated status of notification+ cklppofun0001nss4fysqe7pi
[2021-02-28T23:39:32.261] [INFO] default - Updated status of notification+ cklpprgvh0001ops4y65cx99l
[2021-02-28T23:39:32.261] [INFO] default - Updated status of notification+ cklpq2g110001rms4os1k1vfs
[2021-02-28T23:39:32.261] [INFO] default - Updated status of notification+ cklpq2ns50001s1s4rtrtdxtp
[2021-02-28T23:39:42.262] [INFO] default - Updated status of notification+ cklppmj910001n2s4cbiryoau
[2021-02-28T23:39:42.262] [INFO] default - Updated status of notification+ cklppofun0001nss4fysqe7pi
[2021-02-28T23:39:42.263] [INFO] default - Updated status of notification+ cklpprgvh0001ops4y65cx99l
[2021-02-28T23:39:42.263] [INFO] default - Updated status of notification+ cklpq2g110001rms4os1k1vfs
[2021-02-28T23:39:42.263] [INFO] default - Updated status of notification+ cklpq2ns50001s1s4rtrtdxtp
[2021-02-28T23:39:52.263] [INFO] default - Updated status of notification+ cklppmj910001n2s4cbiryoau
[2021-02-28T23:39:52.264] [INFO] default - Updated status of notification+ cklppofun0001nss4fysqe7pi
[2021-02-28T23:39:52.264] [INFO] default - Updated status of notification+ cklpprgvh0001ops4y65cx99l
[2021-02-28T23:39:52.264] [INFO] default - Updated status of notification+ cklpq2g110001rms4os1k1vfs
[2021-02-28T23:39:52.264] [INFO] default - Updated status of notification+ cklpq2ns50001s1s4rtrtdxtp
[2021-02-28T23:40:02.265] [INFO] default - Updated status of notification+ cklppmj910001n2s4cbiryoau
[2021-02-28T23:40:02.265] [INFO] default - Updated status of notification+ cklppofun0001nss4fysqe7pi
[2021-02-28T23:40:02.265] [INFO] default - Updated status of notification+ cklpprgvh0001ops4y65cx99l
[2021-02-28T23:40:02.265] [INFO] default - Updated status of notification+ cklpq2g110001rms4os1k1vfs
[2021-02-28T23:40:02.265] [INFO] default - Updated status of notification+ cklpq2ns50001s1s4rtrtdxtp
[2021-02-28T23:40:12.267] [INFO] default - Updated status of notification+ cklppmj910001n2s4cbiryoau
[2021-02-28T23:40:12.267] [INFO] default - Updated status of notification+ cklppofun0001nss4fysqe7pi
[2021-02-28T23:40:12.267] [INFO] default - Updated status of notification+ cklpprgvh0001ops4y65cx99l
[2021-02-28T23:40:12.267] [INFO] default - Updated status of notification+ cklpq2g110001rms4os1k1vfs
[2021-02-28T23:40:12.268] [INFO] default - Updated status of notification+ cklpq2ns50001s1s4rtrtdxtp
[2021-02-28T23:40:22.274] [INFO] default - Updated status of notification+ cklppmj910001n2s4cbiryoau
[2021-02-28T23:40:22.275] [INFO] default - Updated status of notification+ cklppofun0001nss4fysqe7pi
[2021-02-28T23:40:22.275] [INFO] default - Updated status of notification+ cklpprgvh0001ops4y65cx99l
[2021-02-28T23:40:22.275] [INFO] default - Updated status of notification+ cklpq2g110001rms4os1k1vfs
[2021-02-28T23:40:22.275] [INFO] default - Updated status of notification+ cklpq2ns50001s1s4rtrtdxtp
[2021-02-28T23:40:32.280] [INFO] default - Updated status of notification+ cklppmj910001n2s4cbiryoau
[2021-02-28T23:40:32.280] [INFO] default - Updated status of notification+ cklppofun0001nss4fysqe7pi
[2021-02-28T23:40:32.280] [INFO] default - Updated status of notification+ cklpprgvh0001ops4y65cx99l
[2021-02-28T23:40:32.280] [INFO] default - Updated status of notification+ cklpq2g110001rms4os1k1vfs
[2021-02-28T23:40:32.280] [INFO] default - Updated status of notification+ cklpq2ns50001s1s4rtrtdxtp
[2021-02-28T23:40:42.284] [INFO] default - Updated status of notification+ cklppmj910001n2s4cbiryoau
[2021-02-28T23:40:42.284] [INFO] default - Updated status of notification+ cklppofun0001nss4fysqe7pi
[2021-02-28T23:40:42.284] [INFO] default - Updated status of notification+ cklpprgvh0001ops4y65cx99l
[2021-02-28T23:40:42.284] [INFO] default - Updated status of notification+ cklpq2g110001rms4os1k1vfs
[2021-02-28T23:40:42.284] [INFO] default - Updated status of notification+ cklpq2ns50001s1s4rtrtdxtp
[2021-02-28T23:40:52.600] [INFO] default - Started Notification Handler
[2021-02-28T23:41:02.950] [INFO] default - Updated status of notification+ cklppmj910001n2s4cbiryoau
[2021-02-28T23:41:02.953] [INFO] default - Updated status of notification+ cklpprgvh0001ops4y65cx99l
[2021-02-28T23:41:02.955] [INFO] default - Updated status of notification+ cklpq2g110001rms4os1k1vfs
[2021-02-28T23:41:02.959] [INFO] default - Updated status of notification+ cklppofun0001nss4fysqe7pi
[2021-02-28T23:41:02.960] [INFO] default - Updated status of notification+ cklpq2ns50001s1s4rtrtdxtp
[2021-02-28T23:41:14.006] [INFO] default - Started Notification Handler
[2021-02-28T23:41:46.810] [INFO] default - Started Notification Handler
[2021-02-28T23:42:17.333] [INFO] default - Started Notification Handler
[2021-02-28T23:43:57.940] [INFO] default - Started Notification Handler
[2021-02-28T23:44:27.192] [INFO] default - Started Notification Handler
[2021-02-28T23:44:27.496] [INFO] default - Added Notification
[2021-02-28T23:44:37.219] [INFO] default - Mark notification cklpqqeml0000zks4v013bh5w sent
[2021-02-28T23:45:00.898] [INFO] default - Started Notification Handler
[2021-02-28T23:45:01.201] [INFO] default - Added Notification
[2021-02-28T23:45:10.954] [INFO] default - Mark notification cklpqr4n6000004s4hcgexxji sent
[2021-02-28T23:46:34.506] [INFO] default - Started Notification Handler
[2021-02-28T23:46:34.917] [INFO] default - Added Notification
[2021-02-28T23:46:44.550] [INFO] default - Mark notification cklpqt4yv00010ys4dhqtrlph sent
[2021-02-28T23:50:10.246] [INFO] default - Started Notification Handler
[2021-02-28T23:50:10.643] [INFO] default - Added Notification
[2021-02-28T23:50:22.019] [INFO] default - Started Notification Handler
[2021-02-28T23:50:22.264] [INFO] default - Added Notification
[2021-02-28T23:50:32.123] [INFO] default - Mark notification cklpqxrfr00011vs4bc9v8jtt sent
[2021-02-28T23:50:32.133] [INFO] default - Mark notification cklpqy0em00012xs407pm6kqm sent
[2021-02-28T23:51:56.756] [INFO] default - Started Notification Handler
[2021-02-28T23:54:39.231] [INFO] default - Started Notification Handler
[2021-02-28T23:55:15.137] [INFO] default - Started Notification Handler
[2021-02-28T23:57:42.986] [INFO] default - Started Notification Handler
